-shck------LOG-20150404-175112-------
0
30

Sent 1 packets.
1
30

Sent 1 packets.
2
30

Sent 1 packets.
3
30

Sent 1 packets.
4
30

Sent 1 packets.
5
30

Sent 1 packets.
6
30

Sent 1 packets.
7
30

Sent 1 packets.
8
30

Sent 1 packets.
9
30

Sent 1 packets.
10
30

Sent 1 packets.
11
30

Sent 1 packets.
12
30

Sent 1 packets.
13
30

Sent 1 packets.
14
30

Sent 1 packets.
15
30

Sent 1 packets.
16
30

Sent 1 packets.
17
30

Sent 1 packets.
18
30

Sent 1 packets.
19
30

Sent 1 packets.
20
30

Sent 1 packets.
21
30

Sent 1 packets.
22
30

Sent 1 packets.
23
30

Sent 1 packets.
24
30

Sent 1 packets.
25
30

Sent 1 packets.
26
30

Sent 1 packets.
27
30

Sent 1 packets.
28
30

Sent 1 packets.
29
30

Sent 1 packets.
-------------------------------------------------
