-shck------LOG-20150404-183416-------
0
300

Sent 1 packets.
1
300

Sent 1 packets.
2
300

Sent 1 packets.
3
300

Sent 1 packets.
4
300

Sent 1 packets.
5
300

Sent 1 packets.
6
300

Sent 1 packets.
7
300

Sent 1 packets.
8
300

Sent 1 packets.
9
300

Sent 1 packets.
10
300

Sent 1 packets.
11
300

Sent 1 packets.
12
300

Sent 1 packets.
13
300

Sent 1 packets.
14
300

Sent 1 packets.
15
300

Sent 1 packets.
16
300

Sent 1 packets.
17
300

Sent 1 packets.
18
300

Sent 1 packets.
19
300

Sent 1 packets.
20
300

Sent 1 packets.
21
300

Sent 1 packets.
22
300

Sent 1 packets.
23
300

Sent 1 packets.
24
300

Sent 1 packets.
25
300

Sent 1 packets.
26
300

Sent 1 packets.
27
300

Sent 1 packets.
28
300

Sent 1 packets.
29
300

Sent 1 packets.
30
300

Sent 1 packets.
31
300

Sent 1 packets.
32
300

Sent 1 packets.
33
300

Sent 1 packets.
34
300

Sent 1 packets.
35
300

Sent 1 packets.
36
300

Sent 1 packets.
37
300

Sent 1 packets.
38
300

Sent 1 packets.
39
300

Sent 1 packets.
40
300

Sent 1 packets.
41
300

Sent 1 packets.
42
300

Sent 1 packets.
43
300

Sent 1 packets.
44
300

Sent 1 packets.
45
300

Sent 1 packets.
46
300

Sent 1 packets.
47
300

Sent 1 packets.
48
300

Sent 1 packets.
49
300

Sent 1 packets.
50
300

Sent 1 packets.
51
300

Sent 1 packets.
52
300

Sent 1 packets.
53
300

Sent 1 packets.
54
300

Sent 1 packets.
55
300

Sent 1 packets.
56
300

Sent 1 packets.
57
300

Sent 1 packets.
58
300

Sent 1 packets.
59
300

Sent 1 packets.
60
300

Sent 1 packets.
61
300

Sent 1 packets.
62
300

Sent 1 packets.
63
300

Sent 1 packets.
64
300

Sent 1 packets.
65
300

Sent 1 packets.
66
300

Sent 1 packets.
67
300

Sent 1 packets.
68
300

Sent 1 packets.
69
300

Sent 1 packets.
70
300

Sent 1 packets.
71
300

Sent 1 packets.
72
300

Sent 1 packets.
73
300

Sent 1 packets.
74
300

Sent 1 packets.
75
300

Sent 1 packets.
76
300

Sent 1 packets.
77
300

Sent 1 packets.
78
300

Sent 1 packets.
79
300

Sent 1 packets.
80
300

Sent 1 packets.
81
300

Sent 1 packets.
82
300

Sent 1 packets.
83
300

Sent 1 packets.
84
300

Sent 1 packets.
85
300

Sent 1 packets.
86
300

Sent 1 packets.
87
300

Sent 1 packets.
88
300

Sent 1 packets.
89
300

Sent 1 packets.
90
300

Sent 1 packets.
91
300

Sent 1 packets.
92
300

Sent 1 packets.
93
300

Sent 1 packets.
94
300

Sent 1 packets.
95
300

Sent 1 packets.
96
300

Sent 1 packets.
97
300

Sent 1 packets.
98
300

Sent 1 packets.
99
300
